-------------------------------------------------------------------------------
Test set: FileUploadIntegrationTests
-------------------------------------------------------------------------------
Tests run: 1, Failures: 0, Errors: 1, Skipped: 0, Time elapsed: 0.661 s <<< FAILURE! - in FileUploadIntegrationTests
initializationError(FileUploadIntegrationTests)  Time elapsed: 0.009 s  <<< ERROR!
java.lang.IllegalStateException: Unable to find a @SpringBootConfiguration, you need to use @ContextConfiguration or @SpringBootTest(classes=...) with your test

